=== GATE: secret-scan-gitleaks-domains-core-bank ===
timestamp_utc: 2026-06-30T20:46:19Z
cwd: /Volumes/PRINCIPAL/Grok/eleve projeto/regenera-bank
command: gitleaks detect --source /Volumes/PRINCIPAL/Grok/eleve projeto/regenera-bank/domains/core-bank --no-git --redact --verbose
node: v26.0.0
npm: 11.12.1
DATABASE_URL: postgresql://localhost:5432/regenera_core_test
REDIS_URL: redis://localhost:6379
CI_RUN_ID: 1 CI_CLEAN_DB: 1
--- stdout/stderr ---

    ○
    │╲
    │ ○
    ○ ░
    ░    gitleaks

Finding:     idempotencyKey: '[1;3;mREDACTED[0m'
Secret:      [1;3;mREDACTED[0m
RuleID:      generic-api-key
Entropy:     3.528064
File:        /Volumes/PRINCIPAL/Grok/eleve projeto/regenera-bank/domains/core-bank/src/pix/pix-engine.spec.ts
Line:        183
Fingerprint: /Volumes/PRINCIPAL/Grok/eleve projeto/regenera-bank/domains/core-bank/src/pix/pix-engine.spec.ts:generic-api-key:183

5:46PM INF scanned ~950818 bytes (950.82 KB) in 142ms
5:46PM WRN leaks found: 1
--- end ---
exit_code: 1
