=== GATE: secret-scan-gitleaks-bff-web-bff ===
timestamp_utc: 2026-06-30T20:46:21Z
cwd: /Volumes/PRINCIPAL/Grok/eleve projeto/regenera-bank
command: gitleaks detect --source /Volumes/PRINCIPAL/Grok/eleve projeto/regenera-bank/bff/web-bff --no-git --redact --verbose
node: v26.0.0
npm: 11.12.1
DATABASE_URL: postgresql://localhost:5432/regenera_core_test
REDIS_URL: redis://localhost:6379
CI_RUN_ID: 1 CI_CLEAN_DB: 1
--- stdout/stderr ---

    ○
    │╲
    │ ○
    ○ ░
    ░    gitleaks

Finding:     "key": "[1;3;mREDACTED[0m"
Secret:      [1;3;mREDACTED[0m
RuleID:      generic-api-key
Entropy:     3.752715
File:        /Volumes/PRINCIPAL/Grok/eleve projeto/regenera-bank/bff/web-bff/.data/homolog-store.json
Line:        284
Fingerprint: /Volumes/PRINCIPAL/Grok/eleve projeto/regenera-bank/bff/web-bff/.data/homolog-store.json:generic-api-key:284

Finding:     "key": "[1;3;mREDACTED[0m"
Secret:      [1;3;mREDACTED[0m
RuleID:      generic-api-key
Entropy:     3.721620
File:        /Volumes/PRINCIPAL/Grok/eleve projeto/regenera-bank/bff/web-bff/.data/homolog-store.json
Line:        304
Fingerprint: /Volumes/PRINCIPAL/Grok/eleve projeto/regenera-bank/bff/web-bff/.data/homolog-store.json:generic-api-key:304

Finding:     "rawKey": "[1;3;mREDACTED[0m"
Secret:      [1;3;mREDACTED[0m
RuleID:      generic-api-key
Entropy:     3.752715
File:        /Volumes/PRINCIPAL/Grok/eleve projeto/regenera-bank/bff/web-bff/.data/homolog-store.json
Line:        321
Fingerprint: /Volumes/PRINCIPAL/Grok/eleve projeto/regenera-bank/bff/web-bff/.data/homolog-store.json:generic-api-key:321

Finding:     "rawKey": "[1;3;mREDACTED[0m"
Secret:      [1;3;mREDACTED[0m
RuleID:      generic-api-key
Entropy:     3.721620
File:        /Volumes/PRINCIPAL/Grok/eleve projeto/regenera-bank/bff/web-bff/.data/homolog-store.json
Line:        342
Fingerprint: /Volumes/PRINCIPAL/Grok/eleve projeto/regenera-bank/bff/web-bff/.data/homolog-store.json:generic-api-key:342

5:46PM INF scanned ~872450 bytes (872.45 KB) in 155ms
5:46PM WRN leaks found: 4
--- end ---
exit_code: 1
