=== GATE: audit-npm-web-bff ===
timestamp_utc: 2026-06-30T20:46:32Z
cwd: /Volumes/PRINCIPAL/Grok/eleve projeto/regenera-bank/bff/web-bff
command: npm audit --json
node: v26.0.0
npm: 11.12.1
DATABASE_URL: postgresql://localhost:5432/regenera_core_test
REDIS_URL: redis://localhost:6379
CI_RUN_ID: 1 CI_CLEAN_DB: 1
--- stdout/stderr ---
{
  "auditReportVersion": 2,
  "vulnerabilities": {
    "@angular-devkit/core": {
      "name": "@angular-devkit/core",
      "severity": "moderate",
      "isDirect": false,
      "via": [
        "ajv",
        "picomatch"
      ],
      "effects": [
        "@angular-devkit/schematics",
        "@angular-devkit/schematics-cli",
        "@nestjs/cli",
        "@nestjs/schematics"
      ],
      "range": "12.0.0-next.0 - 19.2.22 || 20.0.0-next.0 - 20.3.21 || 21.0.0-next.0 - 21.2.4 || 22.0.0-next.0 - 22.0.0-next.3",
      "nodes": [
        "node_modules/@angular-devkit/core"
      ],
      "fixAvailable": {
        "name": "@nestjs/cli",
        "version": "11.0.23",
        "isSemVerMajor": true
      }
    },
    "@angular-devkit/schematics": {
      "name": "@angular-devkit/schematics",
      "severity": "moderate",
      "isDirect": false,
      "via": [
        "@angular-devkit/core"
      ],
      "effects": [],
      "range": "12.0.0-next.0 - 19.2.21 || 20.0.0-next.0 - 20.3.17 || 21.0.0-next.0 - 21.1.4 || 21.2.0-next.0 - 21.2.0-rc.2",
      "nodes": [
        "node_modules/@angular-devkit/schematics"
      ],
      "fixAvailable": true
    },
    "@angular-devkit/schematics-cli": {
      "name": "@angular-devkit/schematics-cli",
      "severity": "moderate",
      "isDirect": false,
      "via": [
        "@angular-devkit/core",
        "@angular-devkit/schematics",
        "inquirer"
      ],
      "effects": [],
      "range": "0.12.0-beta.0 - 19.2.21 || 20.0.0-next.0 - 20.3.17 || 21.0.0-next.0 - 21.1.4 || 21.2.0-next.0 - 21.2.0-rc.2",
      "nodes": [
        "node_modules/@angular-devkit/schematics-cli"
      ],
      "fixAvailable": true
    },
    "@google-cloud/firestore": {
      "name": "@google-cloud/firestore",
      "severity": "moderate",
      "isDirect": false,
      "via": [
        "google-gax"
      ],
      "effects": [
        "firebase-admin"
      ],
      "range": "7.5.0-pre.0 || 7.6.0 - 7.11.6",
      "nodes": [
        "node_modules/@google-cloud/firestore"
      ],
      "fixAvailable": {
        "name": "firebase-admin",
        "version": "14.1.0",
        "isSemVerMajor": true
      }
    },
    "@google-cloud/storage": {
      "name": "@google-cloud/storage",
      "severity": "moderate",
      "isDirect": false,
      "via": [
        "retry-request",
        "teeny-request"
      ],
      "effects": [
        "firebase-admin"
      ],
      "range": "2.2.0 - 2.5.0 || >=5.19.0",
      "nodes": [
        "node_modules/@google-cloud/storage"
      ],
      "fixAvailable": {
        "name": "firebase-admin",
        "version": "14.1.0",
        "isSemVerMajor": true
      }
    },
    "@nestjs/cli": {
      "name": "@nestjs/cli",
      "severity": "high",
      "isDirect": true,
      "via": [
        "@angular-devkit/core",
        "@angular-devkit/schematics",
        "@angular-devkit/schematics-cli",
        "@nestjs/schematics",
        "glob",
        "inquirer",
        "webpack"
      ],
      "effects": [],
      "range": "2.0.0-rc.1 - 11.0.16 || >=12.0.0-alpha.0",
      "nodes": [
        "node_modules/@nestjs/cli"
      ],
      "fixAvailable": {
        "name": "@nestjs/cli",
        "version": "11.0.23",
        "isSemVerMajor": true
      }
    },
    "@nestjs/common": {
      "name": "@nestjs/common",
      "severity": "moderate",
      "isDirect": true,
      "via": [
        "file-type"
      ],
      "effects": [],
      "range": "10.4.16 - 10.4.22 || 11.0.16 - 11.1.16 || 12.0.0-alpha.0 - 12.0.0-alpha.2",
      "nodes": [
        "node_modules/@nestjs/common"
      ],
      "fixAvailable": true
    },
    "@nestjs/core": {
      "name": "@nestjs/core",
      "severity": "moderate",
      "isDirect": true,
      "via": [
        "@nestjs/platform-express",
        {
          "source": 1117063,
          "name": "@nestjs/core",
          "dependency": "@nestjs/core",
          "title": "@nestjs/core Improperly Neutralizes Special Elements in Output Used by a Downstream Component ('Injection')",
          "url": "https://github.com/advisories/GHSA-36xv-jgw5-4q75",
          "severity": "moderate",
          "cwe": [
            "CWE-74"
          ],
          "cvss": {
            "score": 6.1,
            "vectorString": "CVSS:3.1/AV:N/AC:L/PR:N/UI:R/S:C/C:L/I:N/A:L"
          },
          "range": "<=11.1.17"
        }
      ],
      "effects": [
        "@nestjs/platform-express",
        "@nestjs/testing"
      ],
      "range": "<=11.1.17",
      "nodes": [
        "node_modules/@nestjs/core"
      ],
      "fixAvailable": {
        "name": "@nestjs/core",
        "version": "11.1.27",
        "isSemVerMajor": true
      }
    },
    "@nestjs/platform-express": {
      "name": "@nestjs/platform-express",
      "severity": "high",
      "isDirect": true,
      "via": [
        "@nestjs/core",
        "body-parser",
        "express",
        "multer"
      ],
      "effects": [
        "@nestjs/core",
        "@nestjs/testing"
      ],
      "range": "<=11.1.14 || 12.0.0-alpha.0 - 12.0.0-alpha.2",
      "nodes": [
        "node_modules/@nestjs/platform-express"
      ],
      "fixAvailable": {
        "name": "@nestjs/platform-express",
        "version": "11.1.27",
        "isSemVerMajor": true
      }
    },
    "@nestjs/schematics": {
      "name": "@nestjs/schematics",
      "severity": "moderate",
      "isDirect": true,
      "via": [
        "@angular-devkit/core",
        "@angular-devkit/schematics"
      ],
      "effects": [
        "@nestjs/cli"
      ],
      "range": "8.0.0 - 11.0.9",
      "nodes": [
        "node_modules/@nestjs/schematics"
      ],
      "fixAvailable": {
        "name": "@nestjs/schematics",
        "version": "11.1.0",
        "isSemVerMajor": true
      }
    },
    "@nestjs/testing": {
      "name": "@nestjs/testing",
      "severity": "moderate",
      "isDirect": true,
      "via": [
        "@nestjs/core",
        "@nestjs/platform-express"
      ],
      "effects": [],
      "range": "<=11.0.0-next.4",
      "nodes": [
        "node_modules/@nestjs/testing"
      ],
      "fixAvailable": {
        "name": "@nestjs/testing",
        "version": "11.1.27",
        "isSemVerMajor": true
      }
    },
    "ajv": {
      "name": "ajv",
      "severity": "moderate",
      "isDirect": false,
      "via": [
        {
          "source": 1113715,
          "name": "ajv",
          "dependency": "ajv",
          "title": "ajv has ReDoS when using `$data` option",
          "url": "https://github.com/advisories/GHSA-2g4f-4pwh-qvx6",
          "severity": "moderate",
          "cwe": [
            "CWE-400",
            "CWE-1333"
          ],
          "cvss": {
            "score": 0,
            "vectorString": null
          },
          "range": ">=7.0.0-alpha.0 <8.18.0"
        }
      ],
      "effects": [
        "@angular-devkit/core"
      ],
      "range": "7.0.0-alpha.0 - 8.17.1",
      "nodes": [
        "node_modules/ajv"
      ],
      "fixAvailable": {
        "name": "@nestjs/cli",
        "version": "11.0.23",
        "isSemVerMajor": true
      }
    },
    "body-parser": {
      "name": "body-parser",
      "severity": "moderate",
      "isDirect": false,
      "via": [
        "qs"
      ],
      "effects": [
        "@nestjs/platform-express"
      ],
      "range": "1.20.3 - 1.20.4 || 2.0.0-beta.1 - 2.0.2",
      "nodes": [
        "node_modules/body-parser"
      ],
      "fixAvailable": {
        "name": "@nestjs/platform-express",
        "version": "11.1.27",
        "isSemVerMajor": true
      }
    },
    "express": {
      "name": "express",
      "severity": "moderate",
      "isDirect": false,
      "via": [
        "qs"
      ],
      "effects": [
        "@nestjs/platform-express"
      ],
      "range": "4.21.0 - 4.22.1 || 5.0.0-alpha.1 - 5.0.1",
      "nodes": [
        "node_modules/express"
      ],
      "fixAvailable": {
        "name": "@nestjs/platform-express",
        "version": "11.1.27",
        "isSemVerMajor": true
      }
    },
    "external-editor": {
      "name": "external-editor",
      "severity": "low",
      "isDirect": false,
      "via": [
        "tmp"
      ],
      "effects": [
        "inquirer"
      ],
      "range": ">=1.1.1",
      "nodes": [
        "node_modules/external-editor"
      ],
      "fixAvailable": {
        "name": "@nestjs/cli",
        "version": "11.0.23",
        "isSemVerMajor": true
      }
    },
    "file-type": {
      "name": "file-type",
      "severity": "moderate",
      "isDirect": false,
      "via": [
        {
          "source": 1114301,
          "name": "file-type",
          "dependency": "file-type",
          "title": "file-type affected by infinite loop in ASF parser on malformed input with zero-size sub-header",
          "url": "https://github.com/advisories/GHSA-5v7r-6r5c-r473",
          "severity": "moderate",
          "cwe": [
            "CWE-835"
          ],
          "cvss": {
            "score": 5.3,
            "vectorString": "CVSS:3.1/AV:N/AC:L/PR:N/UI:N/S:U/C:N/I:N/A:L"
          },
          "range": ">=13.0.0 <21.3.1"
        },
        {
          "source": 1114726,
          "name": "file-type",
          "dependency": "file-type",
          "title": "file-type: ZIP Decompression Bomb DoS via [Content_Types].xml entry",
          "url": "https://github.com/advisories/GHSA-j47w-4g3g-c36v",
          "severity": "moderate",
          "cwe": [
            "CWE-400",
            "CWE-409"
          ],
          "cvss": {
            "score": 5.3,
            "vectorString": "CVSS:3.1/AV:N/AC:L/PR:N/UI:N/S:U/C:N/I:N/A:L"
          },
          "range": ">=20.0.0 <=21.3.1"
        }
      ],
      "effects": [
        "@nestjs/common"
      ],
      "range": "13.0.0 - 21.3.1",
      "nodes": [
        "node_modules/file-type"
      ],
      "fixAvailable": true
    },
    "firebase-admin": {
      "name": "firebase-admin",
      "severity": "moderate",
      "isDirect": true,
      "via": [
        "@google-cloud/firestore",
        "@google-cloud/storage",
        "uuid"
      ],
      "effects": [],
      "range": "7.0.0 - 8.2.0 || >=10.2.0",
      "nodes": [
        "node_modules/firebase-admin"
      ],
      "fixAvailable": {
        "name": "firebase-admin",
        "version": "14.1.0",
        "isSemVerMajor": true
      }
    },
    "gaxios": {
      "name": "gaxios",
      "severity": "moderate",
      "isDirect": false,
      "via": [
        "uuid"
      ],
      "effects": [],
      "range": "6.4.0 - 6.7.1",
      "nodes": [
        "node_modules/@google-cloud/storage/node_modules/gaxios",
        "node_modules/google-gax/node_modules/gaxios",
        "node_modules/gtoken/node_modules/gaxios"
      ],
      "fixAvailable": true
    },
    "glob": {
      "name": "glob",
      "severity": "high",
      "isDirect": false,
      "via": [
        {
          "source": 1109842,
          "name": "glob",
          "dependency": "glob",
          "title": "glob CLI: Command injection via -c/--cmd executes matches with shell:true",
          "url": "https://github.com/advisories/GHSA-5j98-mcp5-4vw2",
          "severity": "high",
          "cwe": [
            "CWE-78"
          ],
          "cvss": {
            "score": 7.5,
            "vectorString": "CVSS:3.1/AV:N/AC:H/PR:L/UI:N/S:U/C:H/I:H/A:H"
          },
          "range": ">=10.2.0 <10.5.0"
        }
      ],
      "effects": [
        "@nestjs/cli"
      ],
      "range": "10.2.0 - 10.4.5",
      "nodes": [
        "node_modules/glob"
      ],
      "fixAvailable": {
        "name": "@nestjs/cli",
        "version": "11.0.23",
        "isSemVerMajor": true
      }
    },
    "google-gax": {
      "name": "google-gax",
      "severity": "moderate",
      "isDirect": false,
      "via": [
        "retry-request",
        "uuid"
      ],
      "effects": [
        "@google-cloud/firestore"
      ],
      "range": "4.0.5-experimental - 4.6.1",
      "nodes": [
        "node_modules/google-gax"
      ],
      "fixAvailable": {
        "name": "firebase-admin",
        "version": "14.1.0",
        "isSemVerMajor": true
      }
    },
    "inquirer": {
      "name": "inquirer",
      "severity": "low",
      "isDirect": false,
      "via": [
        "external-editor"
      ],
      "effects": [
        "@angular-devkit/schematics-cli",
        "@nestjs/cli"
      ],
      "range": "3.0.0 - 8.2.6 || 9.0.0 - 9.3.7",
      "nodes": [
        "node_modules/@angular-devkit/schematics-cli/node_modules/inquirer",
        "node_modules/inquirer"
      ],
      "fixAvailable": {
        "name": "@nestjs/cli",
        "version": "11.0.23",
        "isSemVerMajor": true
      }
    },
    "multer": {
      "name": "multer",
      "severity": "high",
      "isDirect": false,
      "via": [
        {
          "source": 1113635,
          "name": "multer",
          "dependency": "multer",
          "title": "Multer vulnerable to Denial of Service via incomplete cleanup",
          "url": "https://github.com/advisories/GHSA-xf7r-hgr6-v32p",
          "severity": "high",
          "cwe": [
            "CWE-459"
          ],
          "cvss": {
            "score": 0,
            "vectorString": null
          },
          "range": "<2.1.0"
        },
        {
          "source": 1113636,
          "name": "multer",
          "dependency": "multer",
          "title": "Multer vulnerable to Denial of Service via resource exhaustion",
          "url": "https://github.com/advisories/GHSA-v52c-386h-88mc",
          "severity": "high",
          "cwe": [
            "CWE-772"
          ],
          "cvss": {
            "score": 0,
            "vectorString": null
          },
          "range": "<2.1.0"
        },
        {
          "source": 1113996,
          "name": "multer",
          "dependency": "multer",
          "title": "Multer Vulnerable to Denial of Service via Uncontrolled Recursion",
          "url": "https://github.com/advisories/GHSA-5528-5vmv-3xc2",
          "severity": "high",
          "cwe": [
            "CWE-674"
          ],
          "cvss": {
            "score": 0,
            "vectorString": null
          },
          "range": "<2.1.1"
        },
        {
          "source": 1121089,
          "name": "multer",
          "dependency": "multer",
          "title": "Multer vulnerable to Denial of Service via deeply nested field names",
          "url": "https://github.com/advisories/GHSA-72gw-mp4g-v24j",
          "severity": "high",
          "cwe": [
            "CWE-400"
          ],
          "cvss": {
            "score": 7.5,
            "vectorString": "CVSS:3.1/AV:N/AC:L/PR:N/UI:N/S:U/C:N/I:N/A:H"
          },
          "range": ">=1.0.0 <2.2.0"
        },
        {
          "source": 1121091,
          "name": "multer",
          "dependency": "multer",
          "title": "Multer vulnerable to Denial of Service via incomplete cleanup of aborted uploads",
          "url": "https://github.com/advisories/GHSA-3p4h-7m6x-2hcm",
          "severity": "moderate",
          "cwe": [
            "CWE-459"
          ],
          "cvss": {
            "score": 5.3,
            "vectorString": "CVSS:3.1/AV:N/AC:L/PR:N/UI:N/S:U/C:N/I:N/A:L"
          },
          "range": ">=2.0.0-alpha.1 <2.2.0"
        }
      ],
      "effects": [
        "@nestjs/platform-express"
      ],
      "range": "<=2.1.1",
      "nodes": [
        "node_modules/multer"
      ],
      "fixAvailable": {
        "name": "@nestjs/platform-express",
        "version": "11.1.27",
        "isSemVerMajor": true
      }
    },
    "picomatch": {
      "name": "picomatch",
      "severity": "high",
      "isDirect": false,
      "via": [
        {
          "source": 1115551,
          "name": "picomatch",
          "dependency": "picomatch",
          "title": "Picomatch: Method Injection in POSIX Character Classes causes incorrect Glob Matching",
          "url": "https://github.com/advisories/GHSA-3v7f-55p6-f55p",
          "severity": "moderate",
          "cwe": [
            "CWE-1321"
          ],
          "cvss": {
            "score": 5.3,
            "vectorString": "CVSS:3.1/AV:N/AC:L/PR:N/UI:N/S:U/C:N/I:L/A:N"
          },
          "range": ">=4.0.0 <4.0.4"
        },
        {
          "source": 1115554,
          "name": "picomatch",
          "dependency": "picomatch",
          "title": "Picomatch has a ReDoS vulnerability via extglob quantifiers",
          "url": "https://github.com/advisories/GHSA-c2c7-rcm5-vvqj",
          "severity": "high",
          "cwe": [
            "CWE-1333"
          ],
          "cvss": {
            "score": 7.5,
            "vectorString": "CVSS:3.1/AV:N/AC:L/PR:N/UI:N/S:U/C:N/I:N/A:H"
          },
          "range": ">=4.0.0 <4.0.4"
        }
      ],
      "effects": [
        "@angular-devkit/core"
      ],
      "range": "4.0.0 - 4.0.3",
      "nodes": [
        "node_modules/picomatch"
      ],
      "fixAvailable": {
        "name": "@nestjs/cli",
        "version": "11.0.23",
        "isSemVerMajor": true
      }
    },
    "qs": {
      "name": "qs",
      "severity": "moderate",
      "isDirect": false,
      "via": [
        {
          "source": 1119502,
          "name": "qs",
          "dependency": "qs",
          "title": "qs has a remotely triggerable DoS: qs.stringify crashes with TypeError on null/undefined entries in comma-format arrays when encodeValuesOnly is set",
          "url": "https://github.com/advisories/GHSA-q8mj-m7cp-5q26",
          "severity": "moderate",
          "cwe": [
            "CWE-476"
          ],
          "cvss": {
            "score": 5.3,
            "vectorString": "CVSS:3.1/AV:N/AC:L/PR:N/UI:N/S:U/C:N/I:N/A:L"
          },
          "range": ">=6.11.1 <=6.15.1"
        }
      ],
      "effects": [
        "body-parser",
        "express"
      ],
      "range": "6.11.1 - 6.15.1",
      "nodes": [
        "node_modules/qs"
      ],
      "fixAvailable": {
        "name": "@nestjs/platform-express",
        "version": "11.1.27",
        "isSemVerMajor": true
      }
    },
    "retry-request": {
      "name": "retry-request",
      "severity": "moderate",
      "isDirect": false,
      "via": [
        "teeny-request"
      ],
      "effects": [
        "@google-cloud/storage",
        "google-gax"
      ],
      "range": "7.0.0 - 7.0.2",
      "nodes": [
        "node_modules/retry-request"
      ],
      "fixAvailable": {
        "name": "firebase-admin",
        "version": "14.1.0",
        "isSemVerMajor": true
      }
    },
    "teeny-request": {
      "name": "teeny-request",
      "severity": "moderate",
      "isDirect": false,
      "via": [
        "uuid"
      ],
      "effects": [
        "@google-cloud/storage",
        "retry-request"
      ],
      "range": "3.9.1 - 9.0.0",
      "nodes": [
        "node_modules/teeny-request"
      ],
      "fixAvailable": {
        "name": "firebase-admin",
        "version": "14.1.0",
        "isSemVerMajor": true
      }
    },
    "tmp": {
      "name": "tmp",
      "severity": "high",
      "isDirect": false,
      "via": [
        {
          "source": 1109537,
          "name": "tmp",
          "dependency": "tmp",
          "title": "tmp allows arbitrary temporary file / directory write via symbolic link `dir` parameter",
          "url": "https://github.com/advisories/GHSA-52f5-9888-hmc6",
          "severity": "low",
          "cwe": [
            "CWE-59"
          ],
          "cvss": {
            "score": 2.5,
            "vectorString": "CVSS:3.1/AV:L/AC:H/PR:L/UI:N/S:U/C:N/I:L/A:N"
          },
          "range": "<=0.2.3"
        },
        {
          "source": 1120654,
          "name": "tmp",
          "dependency": "tmp",
          "title": "tmp has Path Traversal via unsanitized prefix/postfix that enables directory escape",
          "url": "https://github.com/advisories/GHSA-ph9p-34f9-6g65",
          "severity": "high",
          "cwe": [
            "CWE-22"
          ],
          "cvss": {
            "score": 0,
            "vectorString": null
          },
          "range": "<0.2.6"
        }
      ],
      "effects": [
        "external-editor"
      ],
      "range": "<=0.2.5",
      "nodes": [
        "node_modules/tmp"
      ],
      "fixAvailable": {
        "name": "@nestjs/cli",
        "version": "11.0.23",
        "isSemVerMajor": true
      }
    },
    "uuid": {
      "name": "uuid",
      "severity": "moderate",
      "isDirect": false,
      "via": [
        {
          "source": 1119441,
          "name": "uuid",
          "dependency": "uuid",
          "title": "uuid: Missing buffer bounds check in v3/v5/v6 when buf is provided",
          "url": "https://github.com/advisories/GHSA-w5hq-g745-h8pq",
          "severity": "moderate",
          "cwe": [
            "CWE-787",
            "CWE-1285"
          ],
          "cvss": {
            "score": 7.5,
            "vectorString": "CVSS:3.1/AV:N/AC:L/PR:N/UI:N/S:U/C:N/I:H/A:N"
          },
          "range": "<11.1.1"
        }
      ],
      "effects": [
        "firebase-admin",
        "gaxios",
        "google-gax",
        "teeny-request"
      ],
      "range": "<11.1.1",
      "nodes": [
        "node_modules/@google-cloud/storage/node_modules/uuid",
        "node_modules/google-gax/node_modules/uuid",
        "node_modules/gtoken/node_modules/uuid",
        "node_modules/teeny-request/node_modules/uuid",
        "node_modules/uuid"
      ],
      "fixAvailable": {
        "name": "firebase-admin",
        "version": "14.1.0",
        "isSemVerMajor": true
      }
    },
    "webpack": {
      "name": "webpack",
      "severity": "low",
      "isDirect": false,
      "via": [
        {
          "source": 1113041,
          "name": "webpack",
          "dependency": "webpack",
          "title": "webpack buildHttp: allowedUris allow-list bypass via URL userinfo (@) leading to build-time SSRF behavior",
          "url": "https://github.com/advisories/GHSA-8fgc-7cc6-rx7x",
          "severity": "low",
          "cwe": [
            "CWE-918"
          ],
          "cvss": {
            "score": 3.7,
            "vectorString": "CVSS:3.1/AV:N/AC:H/PR:L/UI:R/S:U/C:L/I:L/A:N"
          },
          "range": ">=5.49.0 <=5.104.0"
        },
        {
          "source": 1113042,
          "name": "webpack",
          "dependency": "webpack",
          "title": "webpack buildHttp HttpUriPlugin allowedUris bypass via HTTP redirects → SSRF + cache persistence",
          "url": "https://github.com/advisories/GHSA-38r7-794h-5758",
          "severity": "low",
          "cwe": [
            "CWE-918"
          ],
          "cvss": {
            "score": 3.7,
            "vectorString": "CVSS:3.1/AV:N/AC:H/PR:L/UI:R/S:U/C:L/I:L/A:N"
          },
          "range": ">=5.49.0 <5.104.0"
        }
      ],
      "effects": [
        "@nestjs/cli"
      ],
      "range": "5.49.0 - 5.104.0",
      "nodes": [
        "node_modules/webpack"
      ],
      "fixAvailable": {
        "name": "@nestjs/cli",
        "version": "11.0.23",
        "isSemVerMajor": true
      }
    }
  },
  "metadata": {
    "vulnerabilities": {
      "info": 0,
      "low": 3,
      "moderate": 20,
      "high": 6,
      "critical": 0,
      "total": 29
    },
    "dependencies": {
      "prod": 233,
      "dev": 451,
      "optional": 73,
      "peer": 0,
      "peerOptional": 0,
      "total": 752
    }
  }
}
--- end ---
exit_code: 1
