=== GATE: audit-npm-outbox-relay ===
timestamp_utc: 2026-06-30T20:46:39Z
cwd: /Volumes/PRINCIPAL/Grok/eleve projeto/regenera-bank/workers/outbox-relay
command: npm audit --json
node: v26.0.0
npm: 11.12.1
DATABASE_URL: postgresql://localhost:5432/regenera_core_test
REDIS_URL: redis://localhost:6379
CI_RUN_ID: 1 CI_CLEAN_DB: 1
--- stdout/stderr ---
{
  "auditReportVersion": 2,
  "vulnerabilities": {},
  "metadata": {
    "vulnerabilities": {
      "info": 0,
      "low": 0,
      "moderate": 0,
      "high": 0,
      "critical": 0,
      "total": 0
    },
    "dependencies": {
      "prod": 21,
      "dev": 277,
      "optional": 11,
      "peer": 0,
      "peerOptional": 0,
      "total": 306
    }
  }
}
--- end ---
exit_code: 0
