
/Volumes/PRINCIPAL/Grok/eleve projeto/regenera-bank/.github/workflows/source-material/1.Regenera-Github-Ci.yml
  21:16  error  [PostgreSQLConnection] found PostgreSQL connection string: *********************************************************  @secretlint/secretlint-rule-preset-recommend > @secretlint/secretlint-rule-database-connection-string

/Volumes/PRINCIPAL/Grok/eleve projeto/regenera-bank/.github/workflows/source-material/Regenera.github.ci.yml
  24:14  error  [PostgreSQLConnection] found PostgreSQL connection string: *********************************************************  @secretlint/secretlint-rule-preset-recommend > @secretlint/secretlint-rule-database-connection-string

/Volumes/PRINCIPAL/Grok/eleve projeto/regenera-bank/.github/workflows/source-material/ci.yml
  24:14  error  [PostgreSQLConnection] found PostgreSQL connection string: *********************************************************  @secretlint/secretlint-rule-preset-recommend > @secretlint/secretlint-rule-database-connection-string

/Volumes/PRINCIPAL/Grok/eleve projeto/regenera-bank/artifacts/quarantine/env-backups/web-bff.env.quarantined-2026-06-30T20-31-41Z
  22:13  error  [PostgreSQLConnection] found PostgreSQL connection string: ****************************************************************************************************************  @secretlint/secretlint-rule-preset-recommend > @secretlint/secretlint-rule-database-connection-string

/Volumes/PRINCIPAL/Grok/eleve projeto/regenera-bank/artifacts/quarantine/env-backups/web-bff.env.secrets.local.quarantined-2026-06-30T20-31-41Z
  6:13  error  [PostgreSQLConnection] found PostgreSQL connection string: ****************************************************************************************************************  @secretlint/secretlint-rule-preset-recommend > @secretlint/secretlint-rule-database-connection-string

/Volumes/PRINCIPAL/Grok/eleve projeto/regenera-bank/00-governance/audit-evidence/source-packages/arquivos-2/TXT.rtf
  1528:3  error  [PostgreSQLConnection] found PostgreSQL connection string: *****************************************************  @secretlint/secretlint-rule-preset-recommend > @secretlint/secretlint-rule-database-connection-string

/Volumes/PRINCIPAL/Grok/eleve projeto/regenera-bank/00-governance/audit-evidence/source-packages/arquivo-5/4.Auditoria de Enttrega/1.Ferramentas/ci.yml
  24:16  error  [PostgreSQLConnection] found PostgreSQL connection string: *********************************************************  @secretlint/secretlint-rule-preset-recommend > @secretlint/secretlint-rule-database-connection-string

/Volumes/PRINCIPAL/Grok/eleve projeto/regenera-bank/12-regulatory/regenera-regulatory-lgpd/migrations/0002-compliance-privacy.sql
  21:16  error  [PostgreSQLConnection] found PostgreSQL connection string: *********************************************************  @secretlint/secretlint-rule-preset-recommend > @secretlint/secretlint-rule-database-connection-string

/Volumes/PRINCIPAL/Grok/eleve projeto/regenera-bank/12-regulatory/regenera-regulatory-lgpd/source-material/arquivos-2/0002-compliance-privacy.sql
  21:16  error  [PostgreSQLConnection] found PostgreSQL connection string: *********************************************************  @secretlint/secretlint-rule-preset-recommend > @secretlint/secretlint-rule-database-connection-string

✖ 9 problems (9 errors, 0 warnings, 0 infos)

xit=0, 0 findings (directory empty after sanitization)

SECRETLINT_RESULTS (all exit=0):
- bff/web-bff/src
- bff/web-bff/scripts
- apps/web-banking/src
- domains/core-bank/src
- scripts

HISTORICAL_QUARANTINED_SECRET_NAMES (files removed from tree; names only):
- PROMETEO_API_KEY
- GEMINI_API_KEY
- GEMINI_API_KEY_FALLBACK
- GOOGLE_VISION_API_KEY
- FIREBASE_API_KEY
- JWT_SESSION_SECRET
- JWT_NEURAL_SECRET
- DATABASE_URL
- DATAVALID_API_KEY
- DATAVALID_API_URL
- PEP_API_KEY
- PEP_API_URL
- PROMETEO_WEBHOOK_VERIFY_TOKEN
- TELEGRAM_BOT_TOKEN
- TELEGRAM_CHAT_ID
- VITE_FIREBASE_API_KEY
- VITE_FIREBASE_AUTH_DOMAIN
- VITE_FIREBASE_PROJECT_ID
- VITE_FIREBASE_STORAGE_BUCKET
- VITE_FIREBASE_MESSAGING_SENDER_ID
- VITE_FIREBASE_APP_ID
- VITE_FIREBASE_MEASUREMENT_ID

LEGACY_TREE_REFERENCES (paths only, from prior audit + grep):
- 00-governance/audit-evidence/... (Firebase apiKey in archived sources)
- 05-core-banking/.../open-finance.service.ts (sandbox credentials — SEC-H03)
- DEVICE_SECRET hardcoded in misnamed package-lock source (SEC-H01)