localhost:5432 - aceitando conexões
                                                             version                                                              
----------------------------------------------------------------------------------------------------------------------------------
 PostgreSQL 16.14 (Homebrew) on aarch64-apple-darwin25.4.0, compiled by Apple clang version 21.0.0 (clang-2100.0.123.102), 64-bit
(1 linha)

localhost:5432 - aceitando conexões
                                                             version                                                              
----------------------------------------------------------------------------------------------------------------------------------
 PostgreSQL 16.14 (Homebrew) on aarch64-apple-darwin25.4.0, compiled by Apple clang version 21.0.0 (clang-2100.0.123.102), 64-bit
(1 linha)

localhost:5432 - aceitando conexões
                                                             version                                                              
----------------------------------------------------------------------------------------------------------------------------------
 PostgreSQL 16.14 (Homebrew) on aarch64-apple-darwin25.4.0, compiled by Apple clang version 21.0.0 (clang-2100.0.123.102), 64-bit
(1 linha)

localhost:5432 - aceitando conexões
                                                             version                                                              
----------------------------------------------------------------------------------------------------------------------------------
 PostgreSQL 16.14 (Homebrew) on aarch64-apple-darwin25.4.0, compiled by Apple clang version 21.0.0 (clang-2100.0.123.102), 64-bit
(1 linha)

localhost:5432 - aceitando conexões
                                                             version                                                              
----------------------------------------------------------------------------------------------------------------------------------
 PostgreSQL 16.14 (Homebrew) on aarch64-apple-darwin25.4.0, compiled by Apple clang version 21.0.0 (clang-2100.0.123.102), 64-bit
(1 linha)

localhost:5432 - aceitando conexões
                                                             version                                                              
----------------------------------------------------------------------------------------------------------------------------------
 PostgreSQL 16.14 (Homebrew) on aarch64-apple-darwin25.4.0, compiled by Apple clang version 21.0.0 (clang-2100.0.123.102), 64-bit
(1 linha)

localhost:5432 - aceitando conexões
                                                             version                                                              
----------------------------------------------------------------------------------------------------------------------------------
 PostgreSQL 16.14 (Homebrew) on aarch64-apple-darwin25.4.0, compiled by Apple clang version 21.0.0 (clang-2100.0.123.102), 64-bit
(1 linha)

localhost:5432 - aceitando conexões
                                                             version                                                              
----------------------------------------------------------------------------------------------------------------------------------
 PostgreSQL 16.14 (Homebrew) on aarch64-apple-darwin25.4.0, compiled by Apple clang version 21.0.0 (clang-2100.0.123.102), 64-bit
(1 linha)

localhost:5432 - aceitando conexões
                                                             version                                                              
----------------------------------------------------------------------------------------------------------------------------------
 PostgreSQL 16.14 (Homebrew) on aarch64-apple-darwin25.4.0, compiled by Apple clang version 21.0.0 (clang-2100.0.123.102), 64-bit
(1 linha)

localhost:5432 - aceitando conexões
                                                             version                                                              
----------------------------------------------------------------------------------------------------------------------------------
 PostgreSQL 16.14 (Homebrew) on aarch64-apple-darwin25.4.0, compiled by Apple clang version 21.0.0 (clang-2100.0.123.102), 64-bit
(1 linha)

