=== GATE: build-web-banking ===
timestamp_utc: 2026-06-30T21:41:29Z
cwd: /Volumes/PRINCIPAL/Grok/eleve projeto/regenera-bank/apps/web-banking
command: npm run build
node: v26.0.0
npm: 11.12.1
DATABASE_URL: postgresql://localhost:5432/regenera_core_test
REDIS_URL: redis://localhost:6379
CI_RUN_ID: 2 CI_CLEAN_DB: 0
--- stdout/stderr ---

> @regenera/web-banking@0.0.1 build
> tsc --noEmit && vite build

vite v6.4.3 building for production...
transforming...

warn - The class `duration-[1500ms]` is ambiguous and matches multiple utilities.
warn - If this is content and not a class, replace it with `duration-&lsqb;1500ms&rsqb;` to silence this warning.
✓ 1753 modules transformed.
rendering chunks...
computing gzip size...
dist/index.html                     2.52 kB │ gzip:   1.03 kB
dist/assets/index-dblxIWMq.css     82.47 kB │ gzip:  14.66 kB
dist/assets/index-y98Gzvid.js   1,020.11 kB │ gzip: 223.22 kB

(!) Some chunks are larger than 500 kB after minification. Consider:
- Using dynamic import() to code-split the application
- Use build.rollupOptions.output.manualChunks to improve chunking: https://rollupjs.org/configuration-options/#output-manualchunks
- Adjust chunk size limit for this warning via build.chunkSizeWarningLimit.
✓ built in 1.23s
--- end ---
exit_code: 0
